timestamp: 2010-07-19T12:09:56.463832
CREATE TABLE auth_user(
    id INTEGER PRIMARY KEY AUTOINCREMENT,
    first_name CHAR(128),
    last_name CHAR(128),
    email CHAR(512),
    password CHAR(512),
    registration_key CHAR(512),
    reset_password_key CHAR(512)
);
success!
timestamp: 2010-07-19T12:09:56.558795
CREATE TABLE auth_group(
    id INTEGER PRIMARY KEY AUTOINCREMENT,
    role CHAR(512),
    description TEXT
);
success!
timestamp: 2010-07-19T12:09:56.623438
CREATE TABLE auth_membership(
    id INTEGER PRIMARY KEY AUTOINCREMENT,
    user_id INTEGER REFERENCES auth_user(id) ON DELETE CASCADE,
    group_id INTEGER REFERENCES auth_group(id) ON DELETE CASCADE
);
success!
timestamp: 2010-07-19T12:09:56.721264
CREATE TABLE auth_permission(
    id INTEGER PRIMARY KEY AUTOINCREMENT,
    group_id INTEGER REFERENCES auth_group(id) ON DELETE CASCADE,
    name CHAR(512),
    table_name CHAR(512),
    record_id INTEGER
);
success!
timestamp: 2010-07-19T12:09:56.792444
CREATE TABLE auth_event(
    id INTEGER PRIMARY KEY AUTOINCREMENT,
    time_stamp TIMESTAMP,
    client_ip CHAR(512),
    user_id INTEGER REFERENCES auth_user(id) ON DELETE CASCADE,
    origin CHAR(512),
    description TEXT
);
success!
timestamp: 2010-07-19T12:09:56.897952
CREATE TABLE nodeType(
    id INTEGER PRIMARY KEY AUTOINCREMENT,
    value CHAR(512)
);
success!
timestamp: 2010-07-19T12:09:56.973968
CREATE TABLE node(
    id INTEGER PRIMARY KEY AUTOINCREMENT,
    type INTEGER,
    name CHAR(512)
);
success!
timestamp: 2010-07-19T12:09:57.040840
CREATE TABLE nodeAttr(
    id INTEGER PRIMARY KEY AUTOINCREMENT,
    nodeId INTEGER,
    vocab INTEGER,
    value CHAR(512)
);
success!
timestamp: 2010-07-19T12:09:57.107184
CREATE TABLE linkTable(
    id INTEGER PRIMARY KEY AUTOINCREMENT,
    nodeId INTEGER,
    link INTEGER
);
success!
timestamp: 2010-07-19T12:09:57.218177
CREATE TABLE vocab(
    id INTEGER PRIMARY KEY AUTOINCREMENT,
    value CHAR(512)
);
success!
timestamp: 2010-07-19T15:29:56.762467
ALTER TABLE node ADD url CHAR(512);
timestamp: 2010-07-19T16:37:34.966789
ALTER TABLE linkTable ADD linkId INTEGER;
timestamp: 2010-07-28T14:48:55.706575
ALTER TABLE node ADD picURL CHAR(512);
timestamp: 2010-08-04T16:51:19.224806
ALTER TABLE node ADD description CHAR(512);
